<?xml version="1.0" encoding="UTF-8"?>
<testsuite name="CinemaTests" tests="1" skipped="0" failures="0" errors="0" timestamp="2022-07-03T20:36:46" hostname="home-MS-7817" time="2.102">
  <properties/>
  <testcase name="start" classname="CinemaTests" time="2.102"/>
  <system-out><![CDATA[?[1;31m
Start test 1?[0m

  .   ____          _            __ _ _
 /\\ / ___'_ __ _ _(_)_ __  __ _ \ \ \ \
( ( )\___ | '_ | '_| | '_ \/ _` | \ \ \ \
 \\/  ___)| |_)| | | | | || (_| |  ) ) ) )
  '  |____| .__|_| |_|_| |_\__, | / / / /
 =========|_|==============|___/=/_/_/_/
 :: Spring Boot ::                (v2.5.6)

2022-07-03 22:36:46.450  INFO 26709 --- [    Test worker] cinema.Main                              : Starting Main using Java 17.0.1 on home-MS-7817 with PID 26709 (started by home in /home/home/IdeaProjects/Cinema Room REST Service/Cinema Room REST Service/task)
2022-07-03 22:36:46.453  INFO 26709 --- [    Test worker] cinema.Main                              : No active profile set, falling back to default profiles: default
2022-07-03 22:36:47.242  INFO 26709 --- [    Test worker] o.s.b.w.embedded.tomcat.TomcatWebServer  : Tomcat initialized with port(s): 28852 (http)
2022-07-03 22:36:47.250  INFO 26709 --- [    Test worker] o.apache.catalina.core.StandardService   : Starting service [Tomcat]
2022-07-03 22:36:47.250  INFO 26709 --- [    Test worker] org.apache.catalina.core.StandardEngine  : Starting Servlet engine: [Apache Tomcat/9.0.54]
2022-07-03 22:36:47.296  INFO 26709 --- [    Test worker] o.a.c.c.C.[Tomcat].[localhost].[/]       : Initializing Spring embedded WebApplicationContext
2022-07-03 22:36:47.297  INFO 26709 --- [    Test worker] w.s.c.ServletWebServerApplicationContext : Root WebApplicationContext: initialization completed in 802 ms
2022-07-03 22:36:47.704  INFO 26709 --- [    Test worker] o.s.b.a.e.web.EndpointLinksResolver      : Exposing 14 endpoint(s) beneath base path '/actuator'
2022-07-03 22:36:47.730  INFO 26709 --- [    Test worker] o.s.b.w.embedded.tomcat.TomcatWebServer  : Tomcat started on port(s): 28852 (http) with context path ''
2022-07-03 22:36:47.744  INFO 26709 --- [    Test worker] cinema.Main                              : Started Main in 1.528 seconds (JVM running for 2.005)
2022-07-03 22:36:47.954  INFO 26709 --- [io-28852-exec-1] o.a.c.c.C.[Tomcat].[localhost].[/]       : Initializing Spring DispatcherServlet 'dispatcherServlet'
2022-07-03 22:36:47.954  INFO 26709 --- [io-28852-exec-1] o.s.web.servlet.DispatcherServlet        : Initializing Servlet 'dispatcherServlet'
2022-07-03 22:36:47.955  INFO 26709 --- [io-28852-exec-1] o.s.web.servlet.DispatcherServlet        : Completed initialization in 1 ms
?[1;31m
Start test 2?[0m
?[1;31m
Start test 3?[0m
?[1;31m
Start test 4?[0m
?[1;31m
Start test 5?[0m
?[1;31m
Start test 6?[0m
?[1;31m
Start test 7?[0m
?[1;31m
Start test 8?[0m
?[1;31m
Start test 9?[0m
?[1;31m
Start test 10?[0m
?[1;31m
Start test 11?[0m
?[1;31m
Start test 12?[0m
]]></system-out>
  <system-err><![CDATA[]]></system-err>
</testsuite>
